*** Starting uWSGI 2.0.21 (64bit) on [Wed Feb 22 20:51:55 2023] ***
compiled with version: 4.8.5 20150623 (Red Hat 4.8.5-44) on 22 February 2023 11:17:36
os: Linux-3.10.0-1160.71.1.el7.x86_64 #1 SMP Tue Jun 28 15:37:28 UTC 2022
nodename: VM-8-15-centos
machine: x86_64
clock source: unix
pcre jit disabled
detected number of CPU cores: 2
current working directory: /home/an/guest3
writing pidfile to uwsgi.pid
detected binary path: /home/an/python_guest3/bin/uwsgi
uWSGI running as root, you can use --uid/--gid/--chroot options
*** WARNING: you are running uWSGI as root !!! (use the --uid flag) *** 
chdir() to /home/an/guest3
your processes number limit is 7908
your memory page size is 4096 bytes
detected max file descriptor number: 100001
lock engine: pthread robust mutexes
thunder lock: disabled (you can enable it with --thunder-lock)
uwsgi socket 0 bound to TCP address 127.0.0.1:8001 fd 3
uWSGI running as root, you can use --uid/--gid/--chroot options
*** WARNING: you are running uWSGI as root !!! (use the --uid flag) *** 
Python version: 3.9.1 (default, Feb 17 2023, 13:53:38)  [GCC 4.8.5 20150623 (Red Hat 4.8.5-44)]
Python main interpreter initialized at 0x1f62b20
uWSGI running as root, you can use --uid/--gid/--chroot options
*** WARNING: you are running uWSGI as root !!! (use the --uid flag) *** 
python threads support enabled
your server socket listen backlog is limited to 100 connections
your mercy for graceful operations on workers is 60 seconds
mapped 416880 bytes (407 KB) for 8 cores
*** Operational MODE: preforking+threaded ***
WSGI app 0 (mountpoint='') ready in 1 seconds on interpreter 0x1f62b20 pid: 28798 (default app)
uWSGI running as root, you can use --uid/--gid/--chroot options
*** WARNING: you are running uWSGI as root !!! (use the --uid flag) *** 
*** uWSGI is running in multiple interpreter mode ***
spawned uWSGI master process (pid: 28798)
spawned uWSGI worker 1 (pid: 28804, cores: 2)
spawned uWSGI worker 2 (pid: 28806, cores: 2)
spawned uWSGI worker 3 (pid: 28807, cores: 2)
spawned uWSGI worker 4 (pid: 28809, cores: 2)
[pid: 28807|app: 0|req: 1/1] 221.219.97.6 () {42 vars in 763 bytes} [Wed Feb 22 12:56:36 2023] GET / => generated 804 bytes in 58 msecs (HTTP/1.1 200) 6 headers in 207 bytes (1 switches on core 0)
[pid: 28807|app: 0|req: 2/2] 221.219.97.6 () {42 vars in 789 bytes} [Wed Feb 22 12:56:42 2023] GET /register => generated 0 bytes in 2 msecs (HTTP/1.1 301) 6 headers in 219 bytes (1 switches on core 1)
[pid: 28804|app: 0|req: 1/3] 221.219.97.6 () {42 vars in 791 bytes} [Wed Feb 22 12:56:42 2023] GET /register/ => generated 1056 bytes in 56 msecs (HTTP/1.1 200) 6 headers in 208 bytes (1 switches on core 0)
[pid: 28809|app: 0|req: 1/4] 221.219.97.6 () {50 vars in 985 bytes} [Wed Feb 22 12:56:45 2023] POST /register/ => generated 145 bytes in 75 msecs (HTTP/1.1 500) 7 headers in 240 bytes (1 switches on core 0)
[pid: 28809|app: 0|req: 2/5] 42.236.10.93 () {44 vars in 763 bytes} [Wed Feb 22 12:57:01 2023] GET / => generated 804 bytes in 2 msecs (HTTP/1.1 200) 6 headers in 207 bytes (1 switches on core 1)
[pid: 28809|app: 0|req: 3/6] 221.219.97.6 () {50 vars in 985 bytes} [Wed Feb 22 12:58:13 2023] POST /register/ => generated 1074 bytes in 1 msecs (HTTP/1.1 200) 6 headers in 208 bytes (1 switches on core 0)
[pid: 28809|app: 0|req: 4/7] 221.219.97.6 () {50 vars in 985 bytes} [Wed Feb 22 12:58:17 2023] POST /register/ => generated 145 bytes in 10 msecs (HTTP/1.1 500) 7 headers in 240 bytes (1 switches on core 1)
